<?xml version="1.0" encoding="UTF-8"?>
<!-- Generated by org.testng.reporters.JUnitReportReporter -->
<testsuite hostname="DESKTOP-NLC07SB" failures="0" tests="2" name="eng.POM.pages.Approval" time="15.506" errors="0" timestamp="2022-10-25T14:10:01 IST" skipped="0">
  <testcase classname="eng.POM.pages.Approval" name="setUp" time="15.275"/>
  <system-out/>
  <testcase classname="eng.POM.pages.Approval" name="logInTest" time="0.231"/>
  <system-out/>
</testsuite> <!-- eng.POM.pages.Approval -->
