<?xml version="1.0" encoding="UTF-8"?>
<!-- Generated by org.testng.reporters.JUnitReportReporter -->
<testsuite hostname="DESKTOP-NLC07SB" failures="0" tests="5" name="eng.testcases.PatientSupportTest" time="154.441" errors="0" timestamp="2022-11-02T09:46:44 IST" skipped="0">
  <testcase classname="eng.testcases.PatientSupportTest" name="LaunchBrowser" time="42.943"/>
  <system-out/>
  <testcase classname="eng.testcases.PatientSupportTest" name="CreateActivity" time="42.924"/>
  <system-out/>
  <testcase classname="eng.testcases.PatientSupportTest" name="fillPatientSupprtActDetails" time="44.267"/>
  <system-out/>
  <testcase classname="eng.testcases.PatientSupportTest" name="selectNominees" time="9.340"/>
  <system-out/>
  <testcase classname="eng.testcases.PatientSupportTest" name="validateNominee" time="14.967"/>
  <system-out/>
</testsuite> <!-- eng.testcases.PatientSupportTest -->
